# JRE version: OpenJDK Runtime Environment (8.0_242-b01) (build 1.8.0_242-release-1644-b01)
# Java VM: OpenJDK 64-Bit Server VM (25.242-b01 mixed mode windows-amd64 compressed oops)
Heap:
 PSYoungGen      total 633344K, used 92016K [0x00000000d5580000, 0x0000000100000000, 0x0000000100000000)
  eden space 567808K, 10% used [0x00000000d5580000,0x00000000d91f96e8,0x00000000f8000000)
  from space 65536K, 45% used [0x00000000f8000000,0x00000000f9d62a00,0x00000000fc000000)
  to   space 62976K, 0% used [0x00000000fc280000,0x00000000fc280000,0x0000000100000000)
 ParOldGen       total 609792K, used 507984K [0x0000000080000000, 0x00000000a5380000, 0x00000000d5580000)
  object space 609792K, 83% used [0x0000000080000000,0x000000009f0140e8,0x00000000a5380000)
 Metaspace       used 247636K, capacity 266458K, committed 272844K, reserved 1286144K
  class space    used 31396K, capacity 34849K, committed 36608K, reserved 1048576K
GC Heap History (10 events):
Event: 33247.657 GC heap before
{Heap before GC invocations=193 (full 8):
 PSYoungGen      total 640000K, used 610134K [0x00000000d5580000, 0x00000000ff900000, 0x0000000100000000)
  eden space 591360K, 100% used [0x00000000d5580000,0x00000000f9700000,0x00000000f9700000)
  from space 48640K, 38% used [0x00000000fc980000,0x00000000fdbd5b30,0x00000000ff900000)
  to   space 50176K, 0% used [0x00000000f9700000,0x00000000f9700000,0x00000000fc800000)
 ParOldGen       total 609792K, used 426212K [0x0000000080000000, 0x00000000a5380000, 0x00000000d5580000)
  object space 609792K, 69% used [0x0000000080000000,0x000000009a0393d8,0x00000000a5380000)
 Metaspace       used 240457K, capacity 257988K, committed 272844K, reserved 1286144K
  class space    used 30432K, capacity 33585K, committed 36608K, reserved 1048576K
Event: 33247.671 GC heap after
Heap after GC invocations=193 (full 8):
 PSYoungGen      total 641536K, used 18870K [0x00000000d5580000, 0x00000000ffc80000, 0x0000000100000000)
  eden space 591360K, 0% used [0x00000000d5580000,0x00000000d5580000,0x00000000f9700000)
  from space 50176K, 37% used [0x00000000f9700000,0x00000000fa96db30,0x00000000fc800000)
  to   space 47616K, 0% used [0x00000000fce00000,0x00000000fce00000,0x00000000ffc80000)
 ParOldGen       total 609792K, used 426610K [0x0000000080000000, 0x00000000a5380000, 0x00000000d5580000)
  object space 609792K, 69% used [0x0000000080000000,0x000000009a09c9c8,0x00000000a5380000)
 Metaspace       used 240457K, capacity 257988K, committed 272844K, reserved 1286144K
  class space    used 30432K, capacity 33585K, committed 36608K, reserved 1048576K
}
Event: 40729.755 GC heap before
{Heap before GC invocations=194 (full 8):
 PSYoungGen      total 641536K, used 610230K [0x00000000d5580000, 0x00000000ffc80000, 0x0000000100000000)
  eden space 591360K, 100% used [0x00000000d5580000,0x00000000f9700000,0x00000000f9700000)
  from space 50176K, 37% used [0x00000000f9700000,0x00000000fa96db30,0x00000000fc800000)
  to   space 47616K, 0% used [0x00000000fce00000,0x00000000fce00000,0x00000000ffc80000)
 ParOldGen       total 609792K, used 426610K [0x0000000080000000, 0x00000000a5380000, 0x00000000d5580000)
  object space 609792K, 69% used [0x0000000080000000,0x000000009a09c9c8,0x00000000a5380000)
 Metaspace       used 242561K, capacity 260326K, committed 272844K, reserved 1286144K
  class space    used 30708K, capacity 33921K, committed 36608K, reserved 1048576K
Event: 40729.773 GC heap after
Heap after GC invocations=194 (full 8):
 PSYoungGen      total 645632K, used 17962K [0x00000000d5580000, 0x00000000ff980000, 0x0000000100000000)
  eden space 601088K, 0% used [0x00000000d5580000,0x00000000d5580000,0x00000000fa080000)
  from space 44544K, 40% used [0x00000000fce00000,0x00000000fdf8abf8,0x00000000ff980000)
  to   space 45568K, 0% used [0x00000000fa080000,0x00000000fa080000,0x00000000fcd00000)
 ParOldGen       total 609792K, used 427047K [0x0000000080000000, 0x00000000a5380000, 0x00000000d5580000)
  object space 609792K, 70% used [0x0000000080000000,0x000000009a109fb8,0x00000000a5380000)
 Metaspace       used 242561K, capacity 260326K, committed 272844K, reserved 1286144K
  class space    used 30708K, capacity 33921K, committed 36608K, reserved 1048576K
}
Event: 40773.222 GC heap before
{Heap before GC invocations=195 (full 8):
 PSYoungGen      total 645632K, used 619050K [0x00000000d5580000, 0x00000000ff980000, 0x0000000100000000)
  eden space 601088K, 100% used [0x00000000d5580000,0x00000000fa080000,0x00000000fa080000)
  from space 44544K, 40% used [0x00000000fce00000,0x00000000fdf8abf8,0x00000000ff980000)
  to   space 45568K, 0% used [0x00000000fa080000,0x00000000fa080000,0x00000000fcd00000)
 ParOldGen       total 609792K, used 427047K [0x0000000080000000, 0x00000000a5380000, 0x00000000d5580000)
  object space 609792K, 70% used [0x0000000080000000,0x000000009a109fb8,0x00000000a5380000)
 Metaspace       used 242786K, capacity 260556K, committed 272844K, reserved 1286144K
  class space    used 30722K, capacity 33954K, committed 36608K, reserved 1048576K
Event: 40773.389 GC heap after
Heap after GC invocations=195 (full 8):
 PSYoungGen      total 646656K, used 45559K [0x00000000d5580000, 0x0000000100000000, 0x0000000100000000)
  eden space 601088K, 0% used [0x00000000d5580000,0x00000000d5580000,0x00000000fa080000)
  from space 45568K, 99% used [0x00000000fa080000,0x00000000fccfdf30,0x00000000fcd00000)
  to   space 52224K, 0% used [0x00000000fcd00000,0x00000000fcd00000,0x0000000100000000)
 ParOldGen       total 609792K, used 465262K [0x0000000080000000, 0x00000000a5380000, 0x00000000d5580000)
  object space 609792K, 76% used [0x0000000080000000,0x000000009c65b860,0x00000000a5380000)
 Metaspace       used 242786K, capacity 260556K, committed 272844K, reserved 1286144K
  class space    used 30722K, capacity 33954K, committed 36608K, reserved 1048576K
}
Event: 41562.322 GC heap before
{Heap before GC invocations=196 (full 8):
 PSYoungGen      total 646656K, used 646647K [0x00000000d5580000, 0x0000000100000000, 0x0000000100000000)
  eden space 601088K, 100% used [0x00000000d5580000,0x00000000fa080000,0x00000000fa080000)
  from space 45568K, 99% used [0x00000000fa080000,0x00000000fccfdf30,0x00000000fcd00000)
  to   space 52224K, 0% used [0x00000000fcd00000,0x00000000fcd00000,0x0000000100000000)
 ParOldGen       total 609792K, used 465262K [0x0000000080000000, 0x00000000a5380000, 0x00000000d5580000)
  object space 609792K, 76% used [0x0000000080000000,0x000000009c65b860,0x00000000a5380000)
 Metaspace       used 245256K, capacity 263736K, committed 272844K, reserved 1286144K
  class space    used 31094K, capacity 34455K, committed 36608K, reserved 1048576K
Event: 41562.411 GC heap after
Heap after GC invocations=196 (full 8):
 PSYoungGen      total 620032K, used 35053K [0x00000000d5580000, 0x0000000100000000, 0x0000000100000000)
  eden space 567808K, 0% used [0x00000000d5580000,0x00000000d5580000,0x00000000f8000000)
  from space 52224K, 67% used [0x00000000fcd00000,0x00000000fef3b658,0x0000000100000000)
  to   space 65536K, 0% used [0x00000000f8000000,0x00000000f8000000,0x00000000fc000000)
 ParOldGen       total 609792K, used 483990K [0x0000000080000000, 0x00000000a5380000, 0x00000000d5580000)
  object space 609792K, 79% used [0x0000000080000000,0x000000009d8a5a00,0x00000000a5380000)
 Metaspace       used 245256K, capacity 263736K, committed 272844K, reserved 1286144K
  class space    used 31094K, capacity 34455K, committed 36608K, reserved 1048576K
}
Event: 42299.892 GC heap before
{Heap before GC invocations=197 (full 8):
 PSYoungGen      total 620032K, used 602712K [0x00000000d5580000, 0x0000000100000000, 0x0000000100000000)
  eden space 567808K, 99% used [0x00000000d5580000,0x00000000f7fdab18,0x00000000f8000000)
  from space 52224K, 67% used [0x00000000fcd00000,0x00000000fef3b658,0x0000000100000000)
  to   space 65536K, 0% used [0x00000000f8000000,0x00000000f8000000,0x00000000fc000000)
 ParOldGen       total 609792K, used 483990K [0x0000000080000000, 0x00000000a5380000, 0x00000000d5580000)
  object space 609792K, 79% used [0x0000000080000000,0x000000009d8a5a00,0x00000000a5380000)
 Metaspace       used 247634K, capacity 266458K, committed 272844K, reserved 1286144K
  class space    used 31396K, capacity 34849K, committed 36608K, reserved 1048576K
Event: 42299.962 GC heap after
Heap after GC invocations=197 (full 8):
 PSYoungGen      total 633344K, used 30090K [0x00000000d5580000, 0x0000000100000000, 0x0000000100000000)
  eden space 567808K, 0% used [0x00000000d5580000,0x00000000d5580000,0x00000000f8000000)
  from space 65536K, 45% used [0x00000000f8000000,0x00000000f9d62a00,0x00000000fc000000)
  to   space 62976K, 0% used [0x00000000fc280000,0x00000000fc280000,0x0000000100000000)
 ParOldGen       total 609792K, used 507984K [0x0000000080000000, 0x00000000a5380000, 0x00000000d5580000)
  object space 609792K, 83% used [0x0000000080000000,0x000000009f0140e8,0x00000000a5380000)
 Metaspace       used 247634K, capacity 266458K, committed 272844K, reserved 1286144K
  class space    used 31396K, capacity 34849K, committed 36608K, reserved 1048576K
}

